<?xml version="1.0" encoding="UTF-8"?>
<!-- Generated by org.testng.reporters.JUnitReportReporter -->
<testsuite hostname="LAPTOP-IHNEA3MF" failures="0" tests="2" name="com.acti.testcase.TaskPageTest" time="67.885" errors="0" timestamp="2023-05-02T13:51:41 PDT" skipped="0">
  <testcase classname="com.acti.testcase.TaskPageTest" name="testCreatCustomer" time="26.653"/>
  <system-out/>
  <testcase classname="com.acti.testcase.TaskPageTest" name="testDeleteCustomer" time="41.232"/>
  <system-out/>
</testsuite> <!-- com.acti.testcase.TaskPageTest -->
