<?xml version="1.0" encoding="UTF-8"?>
<!-- Generated by org.testng.reporters.JUnitReportReporter -->
<testsuite hostname="LAPTOP-IHNEA3MF" failures="0" tests="1" name="com.acti.testcase.LoginPageTest" time="16.451" errors="0" timestamp="2023-04-30T13:21:02 PDT" skipped="0">
  <testcase classname="com.acti.testcase.LoginPageTest" name="initApplication" time="16.451"/>
  <system-out/>
</testsuite> <!-- com.acti.testcase.LoginPageTest -->
