<?xml version="1.0" encoding="UTF-8"?>
<!-- Generated by org.testng.reporters.JUnitReportReporter -->
<testsuite hostname="LAPTOP-IHNEA3MF" failures="0" tests="1" name="com.acti.base.DriverScript" time="18.028" errors="0" timestamp="2023-04-30T08:05:35 PDT" skipped="0">
  <testcase classname="com.acti.base.DriverScript" name="initApplication" time="18.028"/>
  <system-out/>
</testsuite> <!-- com.acti.base.DriverScript -->
